Start testing: Apr 15 13:52 +06
----------------------------------------------------------
1/3 Testing: DecoratorTest.SimpleCoffee
1/3 Test: DecoratorTest.SimpleCoffee
Command: "/home/md-nissan-ali/Demo-Lab-Final/DecoratorExample/build/runTests" "--gtest_filter=DecoratorTest.SimpleCoffee" "--gtest_also_run_disabled_tests"
Directory: /home/md-nissan-ali/Demo-Lab-Final/DecoratorExample/build
"DecoratorTest.SimpleCoffee" start time: Apr 15 13:52 +06
Output:
----------------------------------------------------------
Running main() from /home/md-nissan-ali/Demo-Lab-Final/DecoratorExample/build/_deps/googletest-src/googletest/src/gtest_main.cc
Note: Google Test filter = DecoratorTest.SimpleCoffee
[==========] Running 1 test from 1 test suite.
[----------] Global test environment set-up.
[----------] 1 test from DecoratorTest
[ RUN      ] DecoratorTest.SimpleCoffee
[       OK ] DecoratorTest.SimpleCoffee (0 ms)
[----------] 1 test from DecoratorTest (0 ms total)

[----------] Global test environment tear-down
[==========] 1 test from 1 test suite ran. (0 ms total)
[  PASSED  ] 1 test.
<end of output>
Test time =   0.00 sec
----------------------------------------------------------
Test Passed.
"DecoratorTest.SimpleCoffee" end time: Apr 15 13:52 +06
"DecoratorTest.SimpleCoffee" time elapsed: 00:00:00
----------------------------------------------------------

2/3 Testing: DecoratorTest.CoffeeWithMilk
2/3 Test: DecoratorTest.CoffeeWithMilk
Command: "/home/md-nissan-ali/Demo-Lab-Final/DecoratorExample/build/runTests" "--gtest_filter=DecoratorTest.CoffeeWithMilk" "--gtest_also_run_disabled_tests"
Directory: /home/md-nissan-ali/Demo-Lab-Final/DecoratorExample/build
"DecoratorTest.CoffeeWithMilk" start time: Apr 15 13:52 +06
Output:
----------------------------------------------------------
Running main() from /home/md-nissan-ali/Demo-Lab-Final/DecoratorExample/build/_deps/googletest-src/googletest/src/gtest_main.cc
Note: Google Test filter = DecoratorTest.CoffeeWithMilk
[==========] Running 1 test from 1 test suite.
[----------] Global test environment set-up.
[----------] 1 test from DecoratorTest
[ RUN      ] DecoratorTest.CoffeeWithMilk
[       OK ] DecoratorTest.CoffeeWithMilk (0 ms)
[----------] 1 test from DecoratorTest (0 ms total)

[----------] Global test environment tear-down
[==========] 1 test from 1 test suite ran. (0 ms total)
[  PASSED  ] 1 test.
<end of output>
Test time =   0.00 sec
----------------------------------------------------------
Test Passed.
"DecoratorTest.CoffeeWithMilk" end time: Apr 15 13:52 +06
"DecoratorTest.CoffeeWithMilk" time elapsed: 00:00:00
----------------------------------------------------------

3/3 Testing: DecoratorTest.CoffeeWithMilkAndSugar
3/3 Test: DecoratorTest.CoffeeWithMilkAndSugar
Command: "/home/md-nissan-ali/Demo-Lab-Final/DecoratorExample/build/runTests" "--gtest_filter=DecoratorTest.CoffeeWithMilkAndSugar" "--gtest_also_run_disabled_tests"
Directory: /home/md-nissan-ali/Demo-Lab-Final/DecoratorExample/build
"DecoratorTest.CoffeeWithMilkAndSugar" start time: Apr 15 13:52 +06
Output:
----------------------------------------------------------
Running main() from /home/md-nissan-ali/Demo-Lab-Final/DecoratorExample/build/_deps/googletest-src/googletest/src/gtest_main.cc
Note: Google Test filter = DecoratorTest.CoffeeWithMilkAndSugar
[==========] Running 1 test from 1 test suite.
[----------] Global test environment set-up.
[----------] 1 test from DecoratorTest
[ RUN      ] DecoratorTest.CoffeeWithMilkAndSugar
[       OK ] DecoratorTest.CoffeeWithMilkAndSugar (0 ms)
[----------] 1 test from DecoratorTest (0 ms total)

[----------] Global test environment tear-down
[==========] 1 test from 1 test suite ran. (0 ms total)
[  PASSED  ] 1 test.
<end of output>
Test time =   0.00 sec
----------------------------------------------------------
Test Passed.
"DecoratorTest.CoffeeWithMilkAndSugar" end time: Apr 15 13:52 +06
"DecoratorTest.CoffeeWithMilkAndSugar" time elapsed: 00:00:00
----------------------------------------------------------

End testing: Apr 15 13:52 +06
