Start testing: Apr 15 11:54 +06
----------------------------------------------------------
1/1 Testing: PrinterAdapterTest.AdapterPrintsUsingOldPrinter
1/1 Test: PrinterAdapterTest.AdapterPrintsUsingOldPrinter
Command: "/home/md-nissan-ali/Demo-Lab-Final/AdapterExample/build/runTests" "--gtest_filter=PrinterAdapterTest.AdapterPrintsUsingOldPrinter" "--gtest_also_run_disabled_tests"
Directory: /home/md-nissan-ali/Demo-Lab-Final/AdapterExample/build
"PrinterAdapterTest.AdapterPrintsUsingOldPrinter" start time: Apr 15 11:54 +06
Output:
----------------------------------------------------------
Running main() from /home/md-nissan-ali/Demo-Lab-Final/AdapterExample/build/_deps/googletest-src/googletest/src/gtest_main.cc
Note: Google Test filter = PrinterAdapterTest.AdapterPrintsUsingOldPrinter
[==========] Running 1 test from 1 test suite.
[----------] Global test environment set-up.
[----------] 1 test from PrinterAdapterTest
[ RUN      ] PrinterAdapterTest.AdapterPrintsUsingOldPrinter
[       OK ] PrinterAdapterTest.AdapterPrintsUsingOldPrinter (0 ms)
[----------] 1 test from PrinterAdapterTest (0 ms total)

[----------] Global test environment tear-down
[==========] 1 test from 1 test suite ran. (0 ms total)
[  PASSED  ] 1 test.
<end of output>
Test time =   0.01 sec
----------------------------------------------------------
Test Passed.
"PrinterAdapterTest.AdapterPrintsUsingOldPrinter" end time: Apr 15 11:54 +06
"PrinterAdapterTest.AdapterPrintsUsingOldPrinter" time elapsed: 00:00:00
----------------------------------------------------------

End testing: Apr 15 11:54 +06
